<?xml version="1.0" encoding="UTF-8"?>
<!-- Generated by org.testng.reporters.JUnitReportReporter -->
<testsuite hostname="DESKTOP-FP075KF" failures="0" tests="3" name="testRunners.TestClassSampleUsingThreadLocal" time="58.016" errors="0" timestamp="16 Mar 2022 06:53:46 GMT" skipped="0">
  <testcase classname="testRunners.TestClassSampleUsingThreadLocal" name="testMethod" time="31.841"/>
  <testcase classname="testRunners.TestClassSampleUsingThreadLocal" name="testMethod" time="12.587"/>
  <testcase classname="testRunners.TestClassSampleUsingThreadLocal" name="testMethod" time="13.588"/>
</testsuite> <!-- testRunners.TestClassSampleUsingThreadLocal -->
