<?xml version="1.0" encoding="UTF-8"?>
<!-- Generated by org.testng.reporters.JUnitReportReporter -->
<testsuite hostname="DESKTOP-FP075KF" failures="0" tests="4" name="testRunners.TestNGRunner" time="112.425" errors="0" timestamp="16 Mar 2022 01:20:58 GMT" skipped="1">
  <testcase classname="testRunners.TestNGRunner" name="runTest4" time="42.985"/>
  <testcase classname="testRunners.TestNGRunner" name="runTest1" time="46.632"/>
  <testcase classname="testRunners.TestNGRunner" name="runTest3" time="22.808"/>
  <testcase classname="testRunners.TestNGRunner" name="runTest2">
    <skipped/>
  </testcase> <!-- runTest2 -->
</testsuite> <!-- testRunners.TestNGRunner -->
